[2023-09-28T14:53:39.039Z] [org.springframework.test.context.support.AbstractTestContextBootstrapper] [main] [305] [INFO ] Neither @ContextConfiguration nor @ContextHierarchy found for test class [com.farmersmart.delivery.DeliveryApplicationTests], using SpringBootContextLoader
[2023-09-28T14:53:39.039Z] [org.springframework.test.context.support.AbstractContextLoader] [main] [264] [INFO ] Could not detect default resource locations for test class [com.farmersmart.delivery.DeliveryApplicationTests]: no resource found for suffixes {-context.xml, Context.groovy}.
[2023-09-28T14:53:39.039Z] [org.springframework.test.context.support.AnnotationConfigContextLoaderUtils] [main] [83] [INFO ] Could not detect default configuration classes for test class [com.farmersmart.delivery.DeliveryApplicationTests]: DeliveryApplicationTests does not declare any static, non-private, non-final, nested classes annotated with @Configuration.
[2023-09-28T14:53:39.039Z] [org.springframework.boot.test.context.SpringBootTestContextBootstrapper] [main] [239] [INFO ] Found @SpringBootConfiguration com.farmersmart.delivery.DeliveryApplication for test class com.farmersmart.delivery.DeliveryApplicationTests
[2023-09-28T14:53:39.039Z] [org.springframework.test.context.support.AbstractTestContextBootstrapper] [main] [245] [INFO ] Loaded default TestExecutionListener class names from location [META-INF/spring.factories]: [org.springframework.boot.test.mock.mockito.MockitoTestExecutionListener, org.springframework.boot.test.mock.mockito.ResetMocksTestExecutionListener, org.springframework.boot.test.autoconfigure.restdocs.RestDocsTestExecutionListener, org.springframework.boot.test.autoconfigure.web.client.MockRestServiceServerResetTestExecutionListener, org.springframework.boot.test.autoconfigure.web.servlet.MockMvcPrintOnlyOnFailureTestExecutionListener, org.springframework.boot.test.autoconfigure.web.servlet.WebDriverTestExecutionListener, org.springframework.boot.test.autoconfigure.webservices.client.MockWebServiceServerTestExecutionListener, org.springframework.test.context.web.ServletTestExecutionListener, org.springframework.test.context.support.DirtiesContextBeforeModesTestExecutionListener, org.springframework.test.context.event.ApplicationEventsTestExecutionListener, org.springframework.test.context.support.DependencyInjectionTestExecutionListener, org.springframework.test.context.support.DirtiesContextTestExecutionListener, org.springframework.test.context.transaction.TransactionalTestExecutionListener, org.springframework.test.context.jdbc.SqlScriptsTestExecutionListener, org.springframework.test.context.event.EventPublishingTestExecutionListener]
[2023-09-28T14:53:39.039Z] [org.springframework.test.context.support.AbstractTestContextBootstrapper] [main] [174] [INFO ] Using TestExecutionListeners: [org.springframework.test.context.web.ServletTestExecutionListener@2dd80673, org.springframework.test.context.support.DirtiesContextBeforeModesTestExecutionListener@4af0df05, org.springframework.test.context.event.ApplicationEventsTestExecutionListener@57ea113a, org.springframework.boot.test.mock.mockito.MockitoTestExecutionListener@acdb094, org.springframework.boot.test.autoconfigure.SpringBootDependencyInjectionTestExecutionListener@674bd420, org.springframework.test.context.support.DirtiesContextTestExecutionListener@2b0f373b, org.springframework.test.context.transaction.TransactionalTestExecutionListener@2ceb80a1, org.springframework.test.context.jdbc.SqlScriptsTestExecutionListener@4b45dcb8, org.springframework.test.context.event.EventPublishingTestExecutionListener@7216fb24, org.springframework.boot.test.mock.mockito.ResetMocksTestExecutionListener@2072acb2, org.springframework.boot.test.autoconfigure.restdocs.RestDocsTestExecutionListener@50ecde95, org.springframework.boot.test.autoconfigure.web.client.MockRestServiceServerResetTestExecutionListener@35a9782c, org.springframework.boot.test.autoconfigure.web.servlet.MockMvcPrintOnlyOnFailureTestExecutionListener@70a36a66, org.springframework.boot.test.autoconfigure.web.servlet.WebDriverTestExecutionListener@45815ffc, org.springframework.boot.test.autoconfigure.webservices.client.MockWebServiceServerTestExecutionListener@732f29af]
[2023-09-28T14:53:40.040Z] [org.springframework.boot.StartupInfoLogger] [main] [55] [INFO ] Starting DeliveryApplicationTests using Java 20.0.1 on INBook_X1 with PID 15140 (started by saura in D:\Projects\delivery\delivery)
[2023-09-28T14:53:40.040Z] [org.springframework.boot.SpringApplication] [main] [631] [INFO ] No active profile set, falling back to 1 default profile: "default"
[2023-09-28T14:53:40.040Z] [org.springframework.data.repository.config.RepositoryConfigurationDelegate] [main] [132] [INFO ] Bootstrapping Spring Data JPA repositories in DEFAULT mode.
[2023-09-28T14:53:40.040Z] [org.springframework.data.repository.config.RepositoryConfigurationDelegate] [main] [201] [INFO ] Finished Spring Data repository scanning in 44 ms. Found 1 JPA repository interfaces.
[2023-09-28T14:53:41.041Z] [com.zaxxer.hikari.HikariDataSource] [main] [110] [INFO ] HikariPool-1 - Starting...
[2023-09-28T14:53:41.041Z] [com.zaxxer.hikari.HikariDataSource] [main] [123] [INFO ] HikariPool-1 - Start completed.
[2023-09-28T14:53:41.041Z] [org.hibernate.jpa.internal.util.LogHelper] [main] [31] [INFO ] HHH000204: Processing PersistenceUnitInfo [name: default]
[2023-09-28T14:53:41.041Z] [org.hibernate.Version] [main] [44] [INFO ] HHH000412: Hibernate ORM core version 5.6.15.Final
[2023-09-28T14:53:41.041Z] [org.hibernate.annotations.common.reflection.java.JavaReflectionManager] [main] [56] [INFO ] HCANN000001: Hibernate Commons Annotations {5.1.2.Final}
[2023-09-28T14:53:41.041Z] [org.hibernate.dialect.Dialect] [main] [175] [INFO ] HHH000400: Using dialect: org.hibernate.dialect.H2Dialect
[2023-09-28T14:53:42.042Z] [org.hibernate.engine.transaction.jta.platform.internal.JtaPlatformInitiator] [main] [52] [INFO ] HHH000490: Using JtaPlatform implementation: [org.hibernate.engine.transaction.jta.platform.internal.NoJtaPlatform]
[2023-09-28T14:53:42.042Z] [org.springframework.orm.jpa.AbstractEntityManagerFactoryBean] [main] [437] [INFO ] Initialized JPA EntityManagerFactory for persistence unit 'default'
[2023-09-28T14:53:43.043Z] [org.springframework.boot.autoconfigure.orm.jpa.JpaBaseConfiguration$JpaWebConfiguration] [main] [223] [WARN ] spring.jpa.open-in-view is enabled by default. Therefore, database queries may be performed during view rendering. Explicitly configure spring.jpa.open-in-view to disable this warning
[2023-09-28T14:53:43.043Z] [org.springframework.boot.autoconfigure.h2.H2ConsoleAutoConfiguration] [main] [98] [INFO ] H2 console available at '/h2-console'. Database available at 'jdbc:h2:mem:testdb'
[2023-09-28T14:53:43.043Z] [org.springframework.boot.StartupInfoLogger] [main] [61] [INFO ] Started DeliveryApplicationTests in 3.911 seconds (JVM running for 4.873)
[2023-09-28T14:53:43.043Z] [org.springframework.orm.jpa.AbstractEntityManagerFactoryBean] [SpringApplicationShutdownHook] [651] [INFO ] Closing JPA EntityManagerFactory for persistence unit 'default'
[2023-09-28T14:53:44.044Z] [org.hibernate.tool.schema.internal.SchemaDropperImpl$DelayedDropActionImpl] [SpringApplicationShutdownHook] [538] [INFO ] HHH000477: Starting delayed evictData of schema as part of SessionFactory shut-down'
[2023-09-28T14:53:44.044Z] [com.zaxxer.hikari.HikariDataSource] [SpringApplicationShutdownHook] [350] [INFO ] HikariPool-1 - Shutdown initiated...
[2023-09-28T14:53:44.044Z] [com.zaxxer.hikari.HikariDataSource] [SpringApplicationShutdownHook] [352] [INFO ] HikariPool-1 - Shutdown completed.
[2023-09-28T14:56:33.033Z] [org.springframework.boot.StartupInfoLogger] [main] [55] [INFO ] Starting DeliveryApplication using Java 20.0.1 on INBook_X1 with PID 11280 (D:\Projects\delivery\delivery\target\classes started by saura in D:\Projects\delivery\delivery)
[2023-09-28T14:56:33.033Z] [org.springframework.boot.SpringApplication] [main] [631] [INFO ] No active profile set, falling back to 1 default profile: "default"
[2023-09-28T14:56:34.034Z] [org.springframework.data.repository.config.RepositoryConfigurationDelegate] [main] [132] [INFO ] Bootstrapping Spring Data JPA repositories in DEFAULT mode.
[2023-09-28T14:56:34.034Z] [org.springframework.data.repository.config.RepositoryConfigurationDelegate] [main] [201] [INFO ] Finished Spring Data repository scanning in 47 ms. Found 1 JPA repository interfaces.
[2023-09-28T14:56:34.034Z] [org.springframework.boot.web.embedded.tomcat.TomcatWebServer] [main] [108] [INFO ] Tomcat initialized with port(s): 8087 (http)
[2023-09-28T14:56:34.034Z] [org.apache.juli.logging.DirectJDKLog] [main] [173] [INFO ] Initializing ProtocolHandler ["http-nio-8087"]
[2023-09-28T14:56:34.034Z] [org.apache.juli.logging.DirectJDKLog] [main] [173] [INFO ] Starting service [Tomcat]
[2023-09-28T14:56:34.034Z] [org.apache.juli.logging.DirectJDKLog] [main] [173] [INFO ] Starting Servlet engine: [Apache Tomcat/9.0.76]
[2023-09-28T14:56:35.035Z] [org.apache.juli.logging.DirectJDKLog] [main] [173] [INFO ] Initializing Spring embedded WebApplicationContext
[2023-09-28T14:56:35.035Z] [org.springframework.boot.web.servlet.context.ServletWebServerApplicationContext] [main] [292] [INFO ] Root WebApplicationContext: initialization completed in 1453 ms
[2023-09-28T14:56:35.035Z] [com.zaxxer.hikari.HikariDataSource] [main] [110] [INFO ] HikariPool-1 - Starting...
[2023-09-28T14:56:35.035Z] [com.zaxxer.hikari.HikariDataSource] [main] [123] [INFO ] HikariPool-1 - Start completed.
[2023-09-28T14:56:35.035Z] [org.springframework.boot.autoconfigure.h2.H2ConsoleAutoConfiguration] [main] [98] [INFO ] H2 console available at '/h2-console'. Database available at 'jdbc:h2:mem:testdb'
[2023-09-28T14:56:35.035Z] [org.hibernate.jpa.internal.util.LogHelper] [main] [31] [INFO ] HHH000204: Processing PersistenceUnitInfo [name: default]
[2023-09-28T14:56:35.035Z] [org.hibernate.Version] [main] [44] [INFO ] HHH000412: Hibernate ORM core version 5.6.15.Final
[2023-09-28T14:56:35.035Z] [org.hibernate.annotations.common.reflection.java.JavaReflectionManager] [main] [56] [INFO ] HCANN000001: Hibernate Commons Annotations {5.1.2.Final}
[2023-09-28T14:56:35.035Z] [org.hibernate.dialect.Dialect] [main] [175] [INFO ] HHH000400: Using dialect: org.hibernate.dialect.H2Dialect
[2023-09-28T14:56:36.036Z] [org.hibernate.engine.transaction.jta.platform.internal.JtaPlatformInitiator] [main] [52] [INFO ] HHH000490: Using JtaPlatform implementation: [org.hibernate.engine.transaction.jta.platform.internal.NoJtaPlatform]
[2023-09-28T14:56:36.036Z] [org.springframework.orm.jpa.AbstractEntityManagerFactoryBean] [main] [437] [INFO ] Initialized JPA EntityManagerFactory for persistence unit 'default'
[2023-09-28T14:56:36.036Z] [org.springframework.boot.autoconfigure.orm.jpa.JpaBaseConfiguration$JpaWebConfiguration] [main] [223] [WARN ] spring.jpa.open-in-view is enabled by default. Therefore, database queries may be performed during view rendering. Explicitly configure spring.jpa.open-in-view to disable this warning
[2023-09-28T14:56:37.037Z] [org.apache.juli.logging.DirectJDKLog] [main] [173] [INFO ] Starting ProtocolHandler ["http-nio-8087"]
[2023-09-28T14:56:37.037Z] [org.springframework.boot.web.embedded.tomcat.TomcatWebServer] [main] [220] [INFO ] Tomcat started on port(s): 8087 (http) with context path ''
[2023-09-28T14:56:37.037Z] [org.springframework.boot.StartupInfoLogger] [main] [61] [INFO ] Started DeliveryApplication in 3.876 seconds (JVM running for 4.32)
[2023-09-28T14:59:55.055Z] [org.apache.juli.logging.DirectJDKLog] [http-nio-8087-exec-2] [173] [INFO ] Initializing Spring DispatcherServlet 'dispatcherServlet'
[2023-09-28T14:59:55.055Z] [org.springframework.web.servlet.FrameworkServlet] [http-nio-8087-exec-2] [525] [INFO ] Initializing Servlet 'dispatcherServlet'
[2023-09-28T14:59:55.055Z] [org.springframework.web.servlet.FrameworkServlet] [http-nio-8087-exec-2] [547] [INFO ] Completed initialization in 1 ms
[2023-09-28T15:00:19.019Z] [org.springframework.web.servlet.handler.AbstractHandlerExceptionResolver] [http-nio-8087-exec-3] [208] [WARN ] Resolved [org.springframework.http.converter.HttpMessageNotReadableException: Required request body is missing: public java.lang.String com.farmersmart.delivery.controller.DeliveryController.addDeliveryDetails(com.farmersmart.delivery.entity.DeliveryEntity)]
[2023-09-28T15:04:09.009Z] [com.farmersmart.delivery.service.DeliveryService] [http-nio-8087-exec-5] [25] [INFO ] DeliveryEntity [id=1, customerId=111, customerName=Saurabh, customerAddress=Pune, productQuantity=3]
[2023-09-28T15:04:09.009Z] [com.farmersmart.delivery.service.DeliveryService] [http-nio-8087-exec-5] [28] [INFO ] Added successfully
[2023-09-28T15:04:09.009Z] [com.farmersmart.delivery.controller.DeliveryController] [http-nio-8087-exec-5] [34] [INFO ] Added successfully
[2023-09-28T15:09:06.006Z] [com.farmersmart.delivery.service.DeliveryService] [http-nio-8087-exec-8] [35] [INFO ] DeliveryEntity [id=2, customerId=111, customerName=Saurabh, customerAddress=Pune, productQuantity=3]
[2023-09-28T15:09:06.006Z] [com.farmersmart.delivery.service.DeliveryService] [http-nio-8087-exec-8] [38] [INFO ] Updated successfully
[2023-09-28T15:09:06.006Z] [com.farmersmart.delivery.controller.DeliveryController] [http-nio-8087-exec-8] [41] [INFO ] Updated successfully
[2023-09-28T15:10:03.003Z] [com.farmersmart.delivery.service.DeliveryService] [http-nio-8087-exec-9] [35] [INFO ] DeliveryEntity [id=2, customerId=111, customerName=Saurabh, customerAddress=Pune, productQuantity=3]
[2023-09-28T15:10:03.003Z] [com.farmersmart.delivery.service.DeliveryService] [http-nio-8087-exec-9] [38] [INFO ] Updated successfully
[2023-09-28T15:10:03.003Z] [com.farmersmart.delivery.controller.DeliveryController] [http-nio-8087-exec-9] [41] [INFO ] Updated successfully
[2023-09-28T15:11:45.045Z] [com.farmersmart.delivery.service.DeliveryService] [http-nio-8087-exec-3] [35] [INFO ] DeliveryEntity [id=2, customerId=222, customerName=Saurabh, customerAddress=Pune, productQuantity=3]
[2023-09-28T15:11:45.045Z] [com.farmersmart.delivery.service.DeliveryService] [http-nio-8087-exec-3] [38] [INFO ] Updated successfully
[2023-09-28T15:11:45.045Z] [com.farmersmart.delivery.controller.DeliveryController] [http-nio-8087-exec-3] [41] [INFO ] Updated successfully
[2023-09-28T15:15:47.047Z] [com.farmersmart.delivery.service.DeliveryService] [http-nio-8087-exec-9] [62] [INFO ] Deleted successfully
[2023-09-28T15:15:47.047Z] [com.farmersmart.delivery.controller.DeliveryController] [http-nio-8087-exec-9] [60] [INFO ] Deleted successfully
[2023-09-28T15:16:02.002Z] [com.farmersmart.delivery.service.DeliveryService] [http-nio-8087-exec-1] [35] [INFO ] DeliveryEntity [id=2, customerId=222, customerName=Saurabh, customerAddress=Pune, productQuantity=3]
[2023-09-28T15:16:02.002Z] [com.farmersmart.delivery.service.DeliveryService] [http-nio-8087-exec-1] [38] [INFO ] Updated successfully
[2023-09-28T15:16:02.002Z] [com.farmersmart.delivery.controller.DeliveryController] [http-nio-8087-exec-1] [41] [INFO ] Updated successfully
[2023-09-28T15:17:18.018Z] [org.springframework.web.servlet.handler.AbstractHandlerExceptionResolver] [http-nio-8087-exec-4] [208] [WARN ] Resolved [org.springframework.web.bind.MissingServletRequestParameterException: Required request parameter 'CustomerId' for method parameter type int is not present]
[2023-09-28T15:17:41.041Z] [com.farmersmart.delivery.service.DeliveryService] [http-nio-8087-exec-6] [82] [ERROR] Invalid ID: 222
